<?xml version="1.0" encoding="UTF-8"?>
<!-- Generated by org.testng.reporters.JUnitXMLReporter -->
<testsuite ignored="0" hostname="FamiliaRomero" failures="0" tests="4" name="Surefire test" time="32.757" errors="0" timestamp="2025-07-30T12:12:25 CLT">
  <testcase classname="suiteTest.LoginTest" name="loginTest" time="8.455"/>
  <testcase classname="suiteTest.LoginTest" name="loginTest" time="7.537"/>
  <testcase classname="suiteTest.LoginTest" name="loginTest" time="4.853"/>
  <testcase classname="suiteTest.LoginTest" name="loginTest" time="4.399"/>
</testsuite> <!-- Surefire test -->
