<?xml version="1.0" encoding="UTF-8"?>
<testng-results ignored="0" total="3" passed="3" failed="0" skipped="0">
  <reporter-output>
  </reporter-output>
  <suite started-at="2025-08-01T11:52:33 CLT" name="Surefire suite" finished-at="2025-08-01T11:53:02 CLT" duration-ms="28925">
    <groups>
    </groups>
    <test started-at="2025-08-01T11:52:33 CLT" name="Surefire test" finished-at="2025-08-01T11:53:02 CLT" duration-ms="28925">
      <class name="suiteTest.RegisterTest">
        <test-method is-config="true" signature="setup(java.lang.String)[pri:0, instance:suiteTest.RegisterTest@3c419631]" started-at="2025-08-01T11:52:33 CLT" name="setup" finished-at="2025-08-01T11:52:35 CLT" duration-ms="2497" status="PASS">
          <params>
            <param index="0">
              <value>
                <![CDATA[chrome]]>
              </value>
            </param>
          </params>
          <reporter-output>
          </reporter-output>
        </test-method> <!-- setup -->
        <test-method signature="registerTest(java.lang.String,java.lang.String,java.lang.String,java.lang.String)[pri:0, instance:suiteTest.RegisterTest@3c419631]" started-at="2025-08-01T11:52:35 CLT" name="registerTest" data-provider="usuarios" finished-at="2025-08-01T11:52:45 CLT" duration-ms="10309" status="PASS">
          <params>
            <param index="0">
              <value>
                <![CDATA[Claudio]]>
              </value>
            </param>
            <param index="1">
              <value>
                <![CDATA[Carrasco]]>
              </value>
            </param>
            <param index="2">
              <value>
                <![CDATA[ClaudioCN]]>
              </value>
            </param>
            <param index="3">
              <value>
                <![CDATA[Pass123!]]>
              </value>
            </param>
          </params>
          <reporter-output>
          </reporter-output>
        </test-method> <!-- registerTest -->
        <test-method signature="registerTest(java.lang.String,java.lang.String,java.lang.String,java.lang.String)[pri:0, instance:suiteTest.RegisterTest@3c419631]" started-at="2025-08-01T11:52:45 CLT" name="registerTest" data-provider="usuarios" finished-at="2025-08-01T11:52:52 CLT" duration-ms="6329" status="PASS">
          <params>
            <param index="0">
              <value>
                <![CDATA[Jorge]]>
              </value>
            </param>
            <param index="1">
              <value>
                <![CDATA[ MuÃ±oz]]>
              </value>
            </param>
            <param index="2">
              <value>
                <![CDATA[ JorgeCurioso]]>
              </value>
            </param>
            <param index="3">
              <value>
                <![CDATA[ Jorge456#]]>
              </value>
            </param>
          </params>
          <reporter-output>
          </reporter-output>
        </test-method> <!-- registerTest -->
        <test-method signature="registerTest(java.lang.String,java.lang.String,java.lang.String,java.lang.String)[pri:0, instance:suiteTest.RegisterTest@3c419631]" started-at="2025-08-01T11:52:52 CLT" name="registerTest" data-provider="usuarios" finished-at="2025-08-01T11:53:00 CLT" duration-ms="8093" status="PASS">
          <params>
            <param index="0">
              <value>
                <![CDATA[Carlos]]>
              </value>
            </param>
            <param index="1">
              <value>
                <![CDATA[ Navarrete]]>
              </value>
            </param>
            <param index="2">
              <value>
                <![CDATA[ ]]>
              </value>
            </param>
            <param index="3">
              <value>
                <![CDATA[Pass123$]]>
              </value>
            </param>
          </params>
          <reporter-output>
          </reporter-output>
        </test-method> <!-- registerTest -->
        <test-method is-config="true" signature="tearDown()[pri:0, instance:suiteTest.RegisterTest@3c419631]" started-at="2025-08-01T11:53:00 CLT" name="tearDown" finished-at="2025-08-01T11:53:02 CLT" duration-ms="1631" status="PASS">
          <reporter-output>
          </reporter-output>
        </test-method> <!-- tearDown -->
      </class> <!-- suiteTest.RegisterTest -->
    </test> <!-- Surefire test -->
  </suite> <!-- Surefire suite -->
</testng-results>
