<?xml version="1.0" encoding="UTF-8"?>
<testng-results ignored="0" total="4" passed="4" failed="0" skipped="0">
  <reporter-output>
  </reporter-output>
  <suite started-at="2025-07-30T12:11:53 CLT" name="Surefire suite" finished-at="2025-07-30T12:12:25 CLT" duration-ms="32757">
    <groups>
    </groups>
    <test started-at="2025-07-30T12:11:53 CLT" name="Surefire test" finished-at="2025-07-30T12:12:25 CLT" duration-ms="32757">
      <class name="suiteTest.LoginTest">
        <test-method is-config="true" signature="setup(java.lang.String)[pri:0, instance:suiteTest.LoginTest@3c130745]" started-at="2025-07-30T12:11:53 CLT" name="setup" finished-at="2025-07-30T12:11:59 CLT" duration-ms="6614" status="PASS">
          <params>
            <param index="0">
              <value>
                <![CDATA[chrome]]>
              </value>
            </param>
          </params>
          <reporter-output>
          </reporter-output>
        </test-method> <!-- setup -->
        <test-method signature="loginTest(java.lang.String,java.lang.String)[pri:0, instance:suiteTest.LoginTest@3c130745]" started-at="2025-07-30T12:11:59 CLT" name="loginTest" data-provider="credenciales" finished-at="2025-07-30T12:12:08 CLT" duration-ms="8455" status="PASS">
          <params>
            <param index="0">
              <value>
                <![CDATA[lilianatest]]>
              </value>
            </param>
            <param index="1">
              <value>
                <![CDATA[Password123!]]>
              </value>
            </param>
          </params>
          <reporter-output>
          </reporter-output>
        </test-method> <!-- loginTest -->
        <test-method signature="loginTest(java.lang.String,java.lang.String)[pri:0, instance:suiteTest.LoginTest@3c130745]" started-at="2025-07-30T12:12:08 CLT" name="loginTest" data-provider="credenciales" finished-at="2025-07-30T12:12:15 CLT" duration-ms="7537" status="PASS">
          <params>
            <param index="0">
              <value>
                <![CDATA[lilianatest]]>
              </value>
            </param>
            <param index="1">
              <value>
                <![CDATA[incorrecto]]>
              </value>
            </param>
          </params>
          <reporter-output>
          </reporter-output>
        </test-method> <!-- loginTest -->
        <test-method signature="loginTest(java.lang.String,java.lang.String)[pri:0, instance:suiteTest.LoginTest@3c130745]" started-at="2025-07-30T12:12:15 CLT" name="loginTest" data-provider="credenciales" finished-at="2025-07-30T12:12:20 CLT" duration-ms="4853" status="PASS">
          <params>
            <param index="0">
              <value>
                <![CDATA[]]>
              </value>
            </param>
            <param index="1">
              <value>
                <![CDATA[Password123!]]>
              </value>
            </param>
          </params>
          <reporter-output>
          </reporter-output>
        </test-method> <!-- loginTest -->
        <test-method signature="loginTest(java.lang.String,java.lang.String)[pri:0, instance:suiteTest.LoginTest@3c130745]" started-at="2025-07-30T12:12:20 CLT" name="loginTest" data-provider="credenciales" finished-at="2025-07-30T12:12:25 CLT" duration-ms="4399" status="PASS">
          <params>
            <param index="0">
              <value>
                <![CDATA[lilianatest]]>
              </value>
            </param>
            <param index="1">
              <value>
                <![CDATA[]]>
              </value>
            </param>
          </params>
          <reporter-output>
          </reporter-output>
        </test-method> <!-- loginTest -->
        <test-method is-config="true" signature="tearDown()[pri:0, instance:suiteTest.LoginTest@3c130745]" started-at="2025-07-30T12:12:25 CLT" name="tearDown" finished-at="2025-07-30T12:12:25 CLT" duration-ms="803" status="PASS">
          <reporter-output>
          </reporter-output>
        </test-method> <!-- tearDown -->
      </class> <!-- suiteTest.LoginTest -->
    </test> <!-- Surefire test -->
  </suite> <!-- Surefire suite -->
</testng-results>
